Starting a Gradle Daemon, 1 busy and 2 incompatible and 6 stopped Daemons could not be reused, use --status for details

> Configure project :app
Warning: Python version 3.11 may have fewer packages available. If you experience problems, try switching to version 3.8.

> Task :app:preBuild UP-TO-DATE
> Task :app:preDebugBuild UP-TO-DATE
> Task :app:mergeDebugNativeDebugMetadata NO-SOURCE
> Task :app:checkKotlinGradlePluginConfigurationErrors SKIPPED
> Task :app:extractDebugPythonBuildPackages

> Task :app:generateDebugPythonRequirements
Chaquopy: Installing for arm64-v8a
Looking in indexes: https://pypi.org/simple, https://chaquo.com/pypi-13.1
Collecting numpy
  Downloading https://chaquo.com/pypi-13.1/numpy/numpy-1.26.2-0-cp311-cp311-android_21_arm64_v8a.whl (5.0 MB)
Collecting librosa==0.10.1
  Using cached librosa-0.10.1-py3-none-any.whl (253 kB)
ERROR: Could not find a version that satisfies the requirement tflite-runtime (from versions: none)
ERROR: No matching distribution found for tflite-runtime
Chaquopy: Exit status 1

> Task :app:generateDebugPythonRequirements FAILED

[Incubating] Problems report is available at: file:///C:/Users/Lenovo/machinedignostic/build/reports/problems/problems-report.html

FAILURE: Build failed with an exception.

* What went wrong:
Execution failed for task ':app:generateDebugPythonRequirements'.
> Process 'command 'C:\Users\Lenovo\machinedignostic\app\build\python\env\debug\Scripts\python.exe'' finished with non-zero exit value 1 
  
  To view full details in Android Studio:
  * Click the 'Build: failed' caption to the left of this message.
  * Then scroll up to see the full output.

* Try:
> Run with --stacktrace option to get the stack trace.
> Run with --info or --debug option to get more log output.
> Run with --scan to get full insights.
> Get more help at https://help.gradle.org.

Deprecated Gradle features were used in this build, making it incompatible with Gradle 9.0.

You can use '--warning-mode all' to show the individual deprecation warnings and determine if they come from your own scripts or plugins.

For more on this, please refer to https://docs.gradle.org/8.13/userguide/command_line_interface.html#sec:command_line_warnings in the Gradle documentation.

BUILD FAILED in 38s
2 actionable tasks: 2 executed
