Starting a Gradle Daemon, 1 busy and 2 incompatible and 8 stopped Daemons could not be reused, use --status for details

> Configure project :app
e: file:///C:/Users/Lenovo/machinedignostic/app/build.gradle.kts:32:44: Unresolved reference: android
e: file:///C:/Users/Lenovo/machinedignostic/app/build.gradle.kts:33:9: Variable expected

[Incubating] Problems report is available at: file:///C:/Users/Lenovo/machinedignostic/build/reports/problems/problems-report.html

FAILURE: Build failed with an exception.

* Where:
Build file 'C:\Users\Lenovo\machinedignostic\app\build.gradle.kts' line: 32

* What went wrong:
Script compilation errors:

  Line 32:     extensions.configure<com.chaquo.python.android.PythonExtension> {
                                                      ^ Unresolved reference: android

  Line 33:         version = "3.8"
                   ^ Variable expected

2 errors

* Try:
> Run with --stacktrace option to get the stack trace.
> Run with --info or --debug option to get more log output.
> Run with --scan to get full insights.
> Get more help at https://help.gradle.org.

Deprecated Gradle features were used in this build, making it incompatible with Gradle 9.0.

You can use '--warning-mode all' to show the individual deprecation warnings and determine if they come from your own scripts or plugins.

For more on this, please refer to https://docs.gradle.org/8.13/userguide/command_line_interface.html#sec:command_line_warnings in the Gradle documentation.

BUILD FAILED in 2m 5s
