
FAILURE: Build completed with 2 failures.

1: Task failed with an exception.
-----------
* Where:
Build file 'D:\appcopy\machinedignostic\app\build.gradle.kts' line: 1

* What went wrong:
An exception occurred applying plugin request [id: 'com.chaquo.python']
> Failed to apply plugin 'com.chaquo.python'.
   > D:\appcopy\machinedignostic\app\build\python\proguard-rules.pro.tmp

* Try:
> Run with --stacktrace option to get the stack trace.
> Run with --info or --debug option to get more log output.
> Run with --scan to get full insights.
> Get more help at https://help.gradle.org.
==============================================================================

2: Task failed with an exception.
-----------
* What went wrong:
java.nio.file.AccessDeniedException: D:\appcopy\machinedignostic\build\reports\problems\problems-report.html

* Try:
> Run with --stacktrace option to get the stack trace.
> Run with --info or --debug option to get more log output.
> Run with --scan to get full insights.
> Get more help at https://help.gradle.org.
==============================================================================

Deprecated Gradle features were used in this build, making it incompatible with Gradle 9.0.

You can use '--warning-mode all' to show the individual deprecation warnings and determine if they come from your own scripts or plugins.

For more on this, please refer to https://docs.gradle.org/8.13/userguide/command_line_interface.html#sec:command_line_warnings in the Gradle documentation.

BUILD FAILED in 1s
