> Task :app:preBuild UP-TO-DATE
> Task :app:preDebugBuild UP-TO-DATE
> Task :app:mergeDebugNativeDebugMetadata NO-SOURCE
> Task :app:checkKotlinGradlePluginConfigurationErrors SKIPPED
> Task :app:checkDebugAarMetadata UP-TO-DATE
> Task :app:processDebugNavigationResources UP-TO-DATE
> Task :app:compileDebugNavigationResources UP-TO-DATE
> Task :app:generateDebugResValues UP-TO-DATE
> Task :app:mapDebugSourceSetPaths UP-TO-DATE
> Task :app:generateDebugResources UP-TO-DATE
> Task :app:mergeDebugResources UP-TO-DATE
> Task :app:packageDebugResources UP-TO-DATE
> Task :app:parseDebugLocalResources UP-TO-DATE
> Task :app:createDebugCompatibleScreenManifests UP-TO-DATE
> Task :app:extractDeepLinksDebug UP-TO-DATE

> Task :app:processDebugMainManifest
[org.tensorflow:tensorflow-lite:2.14.0] C:\Users\Lenovo\.gradle\caches\8.13\transforms\bb74b77a5e947af78718be11c65c2b4e\transformed\tensorflow-lite-2.14.0\AndroidManifest.xml Warning:
	Namespace 'org.tensorflow.lite' is used in multiple modules and/or libraries: org.tensorflow:tensorflow-lite:2.14.0, org.tensorflow:tensorflow-lite-api:2.14.0. Please ensure that all modules and libraries have a unique namespace. For more information, See https://developer.android.com/studio/build/configure-app-module#set-namespace
[org.tensorflow:tensorflow-lite-support:0.4.4] C:\Users\Lenovo\.gradle\caches\8.13\transforms\afd16d92a65727f336460e2bdb9c885a\transformed\tensorflow-lite-support-0.4.4\AndroidManifest.xml Warning:
	Namespace 'org.tensorflow.lite.support' is used in multiple modules and/or libraries: org.tensorflow:tensorflow-lite-support:0.4.4, org.tensorflow:tensorflow-lite-support-api:0.4.4. Please ensure that all modules and libraries have a unique namespace. For more information, See https://developer.android.com/studio/build/configure-app-module#set-namespace

> Task :app:processDebugManifest
> Task :app:javaPreCompileDebug UP-TO-DATE
> Task :app:mergeDebugShaders UP-TO-DATE
> Task :app:compileDebugShaders NO-SOURCE
> Task :app:generateDebugAssets UP-TO-DATE
> Task :app:mergeDebugAssets UP-TO-DATE
> Task :app:compressDebugAssets UP-TO-DATE
> Task :app:checkDebugDuplicateClasses UP-TO-DATE
> Task :app:desugarDebugFileDependencies UP-TO-DATE
> Task :app:mergeExtDexDebug UP-TO-DATE
> Task :app:mergeLibDexDebug UP-TO-DATE
> Task :app:mergeDebugJniLibFolders UP-TO-DATE
> Task :app:mergeDebugNativeLibs UP-TO-DATE
> Task :app:stripDebugDebugSymbols UP-TO-DATE
> Task :app:validateSigningDebug UP-TO-DATE
> Task :app:writeDebugAppMetadata UP-TO-DATE
> Task :app:writeDebugSigningConfigVersions UP-TO-DATE
> Task :app:processDebugManifestForPackage
> Task :app:processDebugResources

> Task :app:compileDebugKotlin
e: file:///C:/Users/Lenovo/machinedignostic/app/src/main/java/com/example/machinedignostic/AudioHelper.kt:189:48 Unresolved reference 'path'.
e: file:///C:/Users/Lenovo/machinedignostic/app/src/main/java/com/example/machinedignostic/AudioHelper.kt:190:13 Syntax error: Expecting member declaration.
e: file:///C:/Users/Lenovo/machinedignostic/app/src/main/java/com/example/machinedignostic/AudioHelper.kt:190:16 Syntax error: Expecting member declaration.
e: file:///C:/Users/Lenovo/machinedignostic/app/src/main/java/com/example/machinedignostic/AudioHelper.kt:190:17 Syntax error: Expecting member declaration.
e: file:///C:/Users/Lenovo/machinedignostic/app/src/main/java/com/example/machinedignostic/AudioHelper.kt:190:23 Syntax error: Expecting member declaration.
e: file:///C:/Users/Lenovo/machinedignostic/app/src/main/java/com/example/machinedignostic/AudioHelper.kt:190:24 Syntax error: Expecting member declaration.
e: file:///C:/Users/Lenovo/machinedignostic/app/src/main/java/com/example/machinedignostic/AudioHelper.kt:190:31 Syntax error: Expecting member declaration.
e: file:///C:/Users/Lenovo/machinedignostic/app/src/main/java/com/example/machinedignostic/AudioHelper.kt:190:32 Syntax error: Expecting member declaration.
e: file:///C:/Users/Lenovo/machinedignostic/app/src/main/java/com/example/machinedignostic/AudioHelper.kt:190:33 Syntax error: Expecting member declaration.
e: file:///C:/Users/Lenovo/machinedignostic/app/src/main/java/com/example/machinedignostic/AudioHelper.kt:190:35 Syntax error: Expecting member declaration.
e: file:///C:/Users/Lenovo/machinedignostic/app/src/main/java/com/example/machinedignostic/AudioHelper.kt:190:42 Syntax error: Expecting member declaration.
e: file:///C:/Users/Lenovo/machinedignostic/app/src/main/java/com/example/machinedignostic/AudioHelper.kt:201:13 Syntax error: Expecting member declaration.
e: file:///C:/Users/Lenovo/machinedignostic/app/src/main/java/com/example/machinedignostic/AudioHelper.kt:201:17 Syntax error: Expecting member declaration.
e: file:///C:/Users/Lenovo/machinedignostic/app/src/main/java/com/example/machinedignostic/AudioHelper.kt:201:18 Syntax error: Expecting member declaration.
e: file:///C:/Users/Lenovo/machinedignostic/app/src/main/java/com/example/machinedignostic/AudioHelper.kt:201:23 Syntax error: Expecting member declaration.
e: file:///C:/Users/Lenovo/machinedignostic/app/src/main/java/com/example/machinedignostic/AudioHelper.kt:201:25 Syntax error: Expecting member declaration.
e: file:///C:/Users/Lenovo/machinedignostic/app/src/main/java/com/example/machinedignostic/AudioHelper.kt:201:31 Syntax error: Expecting member declaration.
e: file:///C:/Users/Lenovo/machinedignostic/app/src/main/java/com/example/machinedignostic/AudioHelper.kt:201:34 Syntax error: Expecting member declaration.
e: file:///C:/Users/Lenovo/machinedignostic/app/src/main/java/com/example/machinedignostic/AudioHelper.kt:201:36 Syntax error: Expecting member declaration.
e: file:///C:/Users/Lenovo/machinedignostic/app/src/main/java/com/example/machinedignostic/AudioHelper.kt:201:36 Function declaration must have a name.
e: file:///C:/Users/Lenovo/machinedignostic/app/src/main/java/com/example/machinedignostic/AudioHelper.kt:203:33 Unresolved reference 'i'.
e: file:///C:/Users/Lenovo/machinedignostic/app/src/main/java/com/example/machinedignostic/AudioHelper.kt:203:41 Overload resolution ambiguity between candidates:
fun String?.plus(other: Any?): String
fun <T> Array<T>.plus(element: T): Array<T>
fun IntArray.plus(element: Int): IntArray
fun <T> Collection<T>.plus(element: T): List<T>
fun <T> Iterable<T>.plus(element: T): List<T>
fun <T> Set<T>.plus(element: T): Set<T>
fun <T> Sequence<T>.plus(element: T): Sequence<T>
e: file:///C:/Users/Lenovo/machinedignostic/app/src/main/java/com/example/machinedignostic/AudioHelper.kt:204:47 Unresolved reference 'i'.
e: file:///C:/Users/Lenovo/machinedignostic/app/src/main/java/com/example/machinedignostic/AudioHelper.kt:210:13 Syntax error: Expecting member declaration.
e: file:///C:/Users/Lenovo/machinedignostic/app/src/main/java/com/example/machinedignostic/AudioHelper.kt:210:19 Syntax error: Expecting member declaration.
e: file:///C:/Users/Lenovo/machinedignostic/app/src/main/java/com/example/machinedignostic/AudioHelper.kt:210:20 Syntax error: Expecting member declaration.
e: file:///C:/Users/Lenovo/machinedignostic/app/src/main/java/com/example/machinedignostic/AudioHelper.kt:210:29 Syntax error: Expecting member declaration.
e: file:///C:/Users/Lenovo/machinedignostic/app/src/main/java/com/example/machinedignostic/AudioHelper.kt:210:34 Syntax error: Expecting member declaration.
e: file:///C:/Users/Lenovo/machinedignostic/app/src/main/java/com/example/machinedignostic/AudioHelper.kt:212:13 Syntax error: Expecting member declaration.
e: file:///C:/Users/Lenovo/machinedignostic/app/src/main/java/com/example/machinedignostic/AudioHelper.kt:212:20 Syntax error: Expecting member declaration.
e: file:///C:/Users/Lenovo/machinedignostic/app/src/main/java/com/example/machinedignostic/AudioHelper.kt:213:11 Syntax error: Expecting a top level declaration.
e: file:///C:/Users/Lenovo/machinedignostic/app/src/main/java/com/example/machinedignostic/AudioHelper.kt:213:17 Syntax error: Expecting a top level declaration.
e: file:///C:/Users/Lenovo/machinedignostic/app/src/main/java/com/example/machinedignostic/AudioHelper.kt:213:18 Syntax error: Expecting a top level declaration.
e: file:///C:/Users/Lenovo/machinedignostic/app/src/main/java/com/example/machinedignostic/AudioHelper.kt:213:19 Syntax error: Expecting a top level declaration.
e: file:///C:/Users/Lenovo/machinedignostic/app/src/main/java/com/example/machinedignostic/AudioHelper.kt:213:21 Syntax error: Expecting a top level declaration.
e: file:///C:/Users/Lenovo/machinedignostic/app/src/main/java/com/example/machinedignostic/AudioHelper.kt:213:30 Syntax error: Expecting a top level declaration.
e: file:///C:/Users/Lenovo/machinedignostic/app/src/main/java/com/example/machinedignostic/AudioHelper.kt:213:32 Syntax error: Expecting a top level declaration.
e: file:///C:/Users/Lenovo/machinedignostic/app/src/main/java/com/example/machinedignostic/AudioHelper.kt:213:32 Function declaration must have a name.
e: file:///C:/Users/Lenovo/machinedignostic/app/src/main/java/com/example/machinedignostic/AudioHelper.kt:214:13 Unresolved reference 'e'.
e: file:///C:/Users/Lenovo/machinedignostic/app/src/main/java/com/example/machinedignostic/AudioHelper.kt:215:20 Null cannot be a value of a non-null type 'kotlin.Unit'.
e: file:///C:/Users/Lenovo/machinedignostic/app/src/main/java/com/example/machinedignostic/AudioHelper.kt:217:5 Syntax error: Expecting a top level declaration.
e: file:///C:/Users/Lenovo/machinedignostic/app/src/main/java/com/example/machinedignostic/AudioHelper.kt:271:34 Unresolved reference 'min'.
e: file:///C:/Users/Lenovo/machinedignostic/app/src/main/java/com/example/machinedignostic/AudioHelper.kt:272:37 Unresolved reference 'min'.
e: file:///C:/Users/Lenovo/machinedignostic/app/src/main/java/com/example/machinedignostic/AudioHelper.kt:282:1 Syntax error: Expecting a top level declaration.
e: file:///C:/Users/Lenovo/machinedignostic/app/src/main/java/com/example/machinedignostic/MainActivity.kt:152:37 Unresolved reference 'getMelSpectrogram'.
e: file:///C:/Users/Lenovo/machinedignostic/app/src/main/java/com/example/machinedignostic/MainActivity.kt:154:53 Argument type mismatch: actual type is 'kotlin.Any', but 'org.tensorflow.lite.support.tensorbuffer.TensorBuffer' was expected.

> Task :app:compileDebugKotlin FAILED

FAILURE: Build failed with an exception.

* What went wrong:
Execution failed for task ':app:compileDebugKotlin'.
> A failure occurred while executing org.jetbrains.kotlin.compilerRunner.GradleCompilerRunnerWithWorkers$GradleKotlinCompilerWorkAction
   > Compilation error. See log for more details

* Try:
> Run with --stacktrace option to get the stack trace.
> Run with --info or --debug option to get more log output.
> Run with --scan to get full insights.
> Get more help at https://help.gradle.org.

BUILD FAILED in 17s
30 actionable tasks: 5 executed, 25 up-to-date
